2025-05-30 13:25:58,095 [ERROR] database: Database connection error: no such column: categoria
2025-05-30 13:27:09,282 [ERROR] database: Database connection error: no such column: categoria
2025-05-30 13:30:42,334 [INFO] __main__: Successfully added categoria column to produtos table
2025-05-30 13:31:06,923 [INFO] database: Database tables and indices created successfully
2025-05-30 13:41:35,291 [INFO] database: Database tables and indices created successfully
2025-05-30 13:41:36,080 [INFO] database: Database tables and indices created successfully
2025-05-30 13:41:41,253 [ERROR] database: Database connection error: no such column: codigo_barras
2025-05-30 13:41:47,161 [ERROR] database: Database connection error: no such column: codigo_barras
2025-05-30 13:42:09,480 [ERROR] database: Database connection error: table produtos has no column named codigo_barras
2025-05-30 13:42:09,480 [ERROR] produtos: Erro ao cadastrar produto: Failed to connect to database: table produtos has no column named codigo_barras
2025-05-30 13:47:39,837 [ERROR] database: Database connection error: duplicate column name: categoria
2025-05-30 13:47:39,837 [ERROR] __main__: Unexpected error during migration: Failed to connect to database: duplicate column name: categoria
2025-05-30 13:48:09,923 [INFO] database: Database tables and indices created successfully
2025-05-30 13:48:10,637 [INFO] database: Database tables and indices created successfully
2025-05-30 13:48:16,205 [ERROR] database: Database connection error: no such column: codigo_barras
2025-05-30 13:48:23,128 [ERROR] database: Database connection error: no such column: codigo_barras
2025-05-30 13:48:25,038 [ERROR] database: Database connection error: no such column: codigo_barras
2025-05-30 13:49:20,811 [ERROR] database: Database connection error: table produtos has no column named codigo_barras
2025-05-30 13:49:20,813 [ERROR] produtos: Erro ao cadastrar produto: Failed to connect to database: table produtos has no column named codigo_barras
2025-05-30 13:55:10,057 [INFO] database: Database tables and indices created successfully
2025-05-30 13:55:10,730 [INFO] database: Database tables and indices created successfully
2025-05-30 13:55:18,923 [ERROR] database: Database connection error: no such column: codigo_barras
2025-05-30 13:55:23,710 [ERROR] database: Database connection error: no such column: codigo_barras
2025-05-30 13:55:39,614 [ERROR] database: Database connection error: table produtos has no column named codigo_barras
2025-05-30 13:55:39,614 [ERROR] produtos: Erro ao cadastrar produto: Failed to connect to database: table produtos has no column named codigo_barras
2025-05-30 13:56:28,951 [INFO] __main__: Database tables and indices created successfully
2025-05-30 13:56:47,359 [INFO] database: Database tables and indices created successfully
2025-05-30 13:56:48,034 [INFO] database: Database tables and indices created successfully
2025-05-30 13:56:52,563 [ERROR] database: Database connection error: no such column: codigo_barras
2025-05-30 13:56:54,717 [ERROR] database: Database connection error: no such column: codigo_barras
2025-05-30 13:57:09,733 [ERROR] database: Database connection error: table produtos has no column named codigo_barras
2025-05-30 13:57:09,733 [ERROR] produtos: Erro ao cadastrar produto: Failed to connect to database: table produtos has no column named codigo_barras
2025-05-30 13:58:02,830 [INFO] database: Database tables and indices created successfully
2025-05-30 13:58:03,489 [INFO] database: Database tables and indices created successfully
2025-05-30 13:58:08,019 [ERROR] database: Database connection error: no such column: codigo_barras
2025-05-30 13:58:10,513 [ERROR] database: Database connection error: no such column: codigo_barras
2025-05-30 13:58:27,213 [ERROR] database: Database connection error: table produtos has no column named codigo_barras
2025-05-30 13:58:27,213 [ERROR] produtos: Erro ao cadastrar produto: Failed to connect to database: table produtos has no column named codigo_barras
2025-05-30 17:46:17,523 [INFO] database: Database tables and indices created successfully
2025-05-30 17:46:18,074 [INFO] database: Database tables and indices created successfully
2025-05-30 17:54:11,973 [INFO] database: Database tables and indices created successfully
2025-05-30 17:54:12,990 [INFO] database: Database tables and indices created successfully
2025-05-30 17:54:20,181 [ERROR] database: Database connection error: no such column: permissao
2025-05-30 17:54:20,181 [ERROR] clientes: Erro de banco de dados na autenticação: Failed to connect to database: no such column: permissao
2025-05-30 17:54:21,135 [ERROR] database: Database connection error: no such column: permissao
2025-05-30 17:54:21,135 [ERROR] clientes: Erro de banco de dados na autenticação: Failed to connect to database: no such column: permissao
2025-05-30 17:54:21,276 [ERROR] database: Database connection error: no such column: permissao
2025-05-30 17:54:21,277 [ERROR] clientes: Erro de banco de dados na autenticação: Failed to connect to database: no such column: permissao
2025-05-30 17:54:23,050 [ERROR] database: Database connection error: no such column: permissao
2025-05-30 17:54:23,051 [ERROR] clientes: Erro de banco de dados na autenticação: Failed to connect to database: no such column: permissao
2025-05-30 17:54:23,270 [ERROR] database: Database connection error: no such column: permissao
2025-05-30 17:54:23,270 [ERROR] clientes: Erro de banco de dados na autenticação: Failed to connect to database: no such column: permissao
2025-05-30 17:54:23,434 [ERROR] database: Database connection error: no such column: permissao
2025-05-30 17:54:23,434 [ERROR] clientes: Erro de banco de dados na autenticação: Failed to connect to database: no such column: permissao
2025-05-30 17:54:23,570 [ERROR] database: Database connection error: no such column: permissao
2025-05-30 17:54:23,570 [ERROR] clientes: Erro de banco de dados na autenticação: Failed to connect to database: no such column: permissao
2025-05-30 17:54:23,740 [ERROR] database: Database connection error: no such column: permissao
2025-05-30 17:54:23,740 [ERROR] clientes: Erro de banco de dados na autenticação: Failed to connect to database: no such column: permissao
2025-05-30 17:54:52,273 [INFO] __main__: Created backup of usuarios table
2025-05-30 17:54:52,283 [INFO] __main__: Dropped old usuarios table
2025-05-30 17:54:52,294 [INFO] __main__: Created new usuarios table with updated schema
2025-05-30 17:54:52,301 [INFO] __main__: Migrated existing data to new table
2025-05-30 17:54:52,311 [INFO] __main__: Dropped backup table
2025-05-30 17:54:52,528 [INFO] __main__: Created default admin user if not exists
2025-05-30 17:55:01,441 [INFO] database: Database tables and indices created successfully
2025-05-30 17:55:01,886 [INFO] database: Database tables and indices created successfully
2025-05-30 17:55:19,781 [WARNING] clientes: Tentativa de login com usuário inexistente: aa
2025-05-30 17:55:28,529 [WARNING] clientes: Tentativa de login com usuário inexistente: aa
2025-05-30 17:55:32,400 [WARNING] clientes: Tentativa de login com usuário inexistente: aa
2025-05-30 17:56:39,814 [INFO] database: Database tables and indices created successfully
2025-05-30 17:56:40,246 [INFO] database: Database tables and indices created successfully
2025-05-30 17:56:43,996 [WARNING] clientes: Tentativa de login com usuário inexistente: aa
2025-05-30 17:57:23,718 [INFO] database: Database tables and indices created successfully
2025-05-30 17:57:54,734 [ERROR] clientes: Erro ao cadastrar usuário: A senha deve ter pelo menos 8 caracteres
2025-05-30 17:58:06,267 [ERROR] clientes: Erro ao cadastrar usuário: A senha deve conter pelo menos uma letra maiúscula
2025-05-30 17:58:37,005 [INFO] clientes: Usuário cadastrado com sucesso: Arthur
2025-05-30 17:58:37,597 [ERROR] database: Database connection error: UNIQUE constraint failed: usuarios.email
2025-05-30 17:58:37,597 [ERROR] clientes: Erro ao cadastrar usuário: Failed to connect to database: UNIQUE constraint failed: usuarios.email
2025-05-30 17:58:37,597 [ERROR] clientes: Erro inesperado ao cadastrar cliente: Failed to connect to database: UNIQUE constraint failed: usuarios.email
2025-05-30 17:58:52,202 [INFO] clientes: Login bem-sucedido: Arthur
2025-05-30 17:58:52,202 [INFO] login: Login bem-sucedido: Arthur
2025-05-30 17:59:40,968 [INFO] database: Database tables and indices created successfully
2025-05-30 17:59:50,017 [INFO] clientes: Login bem-sucedido: Arthur
2025-05-30 17:59:50,017 [INFO] login: Login bem-sucedido: Arthur
2025-05-30 18:03:06,874 [INFO] database: Database tables and indices created successfully
2025-05-30 18:03:20,029 [INFO] clientes: Login bem-sucedido: Arthur
2025-05-30 18:03:20,029 [INFO] login: Login bem-sucedido: Arthur
2025-05-30 18:03:20,381 [INFO] clientes: Login bem-sucedido: Arthur
2025-05-30 18:03:20,381 [INFO] login: Login bem-sucedido: Arthur
2025-05-30 18:03:21,138 [INFO] database: Database tables and indices created successfully
2025-05-30 18:03:55,402 [INFO] produtos: Produto cadastrado: coca
2025-05-30 18:16:31,771 [INFO] database: Database tables and indices created successfully
2025-05-30 18:16:56,500 [WARNING] clientes: Tentativa de login falha: Arthur
2025-05-30 18:16:56,500 [WARNING] login: Tentativa de login falha: Arthur
2025-05-30 18:17:12,572 [INFO] clientes: Login bem-sucedido: Arthur
2025-05-30 18:17:12,572 [INFO] login: Login bem-sucedido: Arthur
2025-05-30 18:17:12,778 [INFO] clientes: Login bem-sucedido: Arthur
2025-05-30 18:17:12,778 [INFO] login: Login bem-sucedido: Arthur
2025-05-30 18:17:13,641 [INFO] database: Database tables and indices created successfully
2025-05-30 22:25:03,738 - __main__ - INFO - Initializing database...
2025-05-30 22:25:03,750 - database - INFO - Database tables and indices created successfully
2025-05-30 22:25:03,751 - __main__ - INFO - Starting modern login window...
2025-05-30 22:25:04,532 - __main__ - ERROR - Critical error in main: tkinter.Entry.__init__() got multiple values for keyword argument 'font'
2025-05-30 22:25:29,200 - __main__ - INFO - Initializing database...
2025-05-30 22:25:29,212 - database - INFO - Database tables and indices created successfully
2025-05-30 22:25:29,215 - __main__ - INFO - Starting modern login window...
2025-05-30 22:25:30,053 - __main__ - ERROR - Critical error in main: tkinter.Entry.__init__() got multiple values for keyword argument 'font'
2025-05-30 22:25:54,067 - __main__ - INFO - Initializing database...
2025-05-30 22:25:54,078 - database - INFO - Database tables and indices created successfully
2025-05-30 22:25:54,078 - __main__ - INFO - Starting modern login window...
2025-05-30 22:42:00,251 - login - ERROR - Error opening registration: 'theme'
2025-05-30 22:42:01,530 - login - ERROR - Error opening registration: 'theme'
2025-05-30 22:42:22,195 - database - ERROR - Database connection error: no such column: password
2025-05-30 22:42:22,196 - login - ERROR - Error verifying credentials: Failed to connect to database: no such column: password
2025-05-30 22:42:22,197 - login - WARNING - Failed login attempt for user: admin
2025-05-30 22:42:22,200 - database - ERROR - Database connection error: no such column: password
2025-05-30 22:42:22,201 - login - ERROR - Error verifying credentials: Failed to connect to database: no such column: password
2025-05-30 22:42:22,201 - login - WARNING - Failed login attempt for user: admin
2025-05-30 22:42:24,549 - login - ERROR - Error opening registration: 'theme'
2025-05-30 22:43:21,224 - __main__ - INFO - Created backup of usuarios table
2025-05-30 22:43:21,239 - __main__ - INFO - Dropped old usuarios table
2025-05-30 22:43:21,253 - __main__ - INFO - Created new usuarios table with updated schema
2025-05-30 22:43:21,266 - __main__ - INFO - Migrated existing data to new table
2025-05-30 22:43:21,279 - __main__ - INFO - Dropped backup table
2025-05-30 22:43:21,655 - __main__ - INFO - Created default admin user if not exists
2025-05-30 22:44:11,702 - __main__ - INFO - Initializing database...
2025-05-30 22:44:11,722 - database - INFO - Database tables and indices created successfully
2025-05-30 22:44:11,722 - __main__ - ERROR - Error creating admin user: cannot import name 'hash_password' from 'login' (C:\Users\tutun\OneDrive\Área de Trabalho\integre_plus\login.py)
2025-05-30 22:44:11,722 - __main__ - INFO - Starting modern login window...
2025-05-30 22:44:15,814 - login - ERROR - Error opening registration: 'theme'
2025-05-30 22:44:17,848 - login - ERROR - Error opening registration: 'theme'
2025-05-30 22:44:48,128 - __main__ - INFO - Initializing database...
2025-05-30 22:44:48,142 - database - INFO - Database tables and indices created successfully
2025-05-30 22:44:48,144 - __main__ - INFO - Starting modern login window...
2025-05-30 22:45:13,139 - login - INFO - Successful login for user: Arthur
2025-05-30 22:45:13,522 - login - INFO - Successful login for user: Arthur
2025-05-30 22:45:15,924 - database - INFO - Database tables and indices created successfully
2025-05-30 22:50:58,031 - __main__ - INFO - Initializing database...
2025-05-30 22:50:58,045 - database - INFO - Database tables and indices created successfully
2025-05-30 22:50:58,048 - __main__ - INFO - Starting modern login window...
2025-05-30 22:51:14,531 - login - INFO - Successful login for user: Arthur
2025-05-30 22:51:14,924 - login - INFO - Successful login for user: Arthur
2025-05-30 22:51:17,316 - database - INFO - Database tables and indices created successfully
2025-05-30 22:51:37,983 - produtos - INFO - Produto cadastrado: aa
2025-05-30 22:51:48,775 - database - INFO - Database tables and indices created successfully
2025-05-30 22:59:33,504 - __main__ - INFO - Initializing database...
2025-05-30 22:59:33,519 - database - INFO - Database tables and indices created successfully
2025-05-30 22:59:33,521 - __main__ - INFO - Starting modern login window...
2025-05-30 22:59:56,452 - login - INFO - Successful login for user: Arthur
2025-05-30 22:59:56,817 - login - INFO - Successful login for user: Arthur
2025-05-30 22:59:59,226 - database - INFO - Database tables and indices created successfully
2025-05-30 23:00:57,127 - database - INFO - Database tables and indices created successfully
2025-05-30 23:02:48,508 - __main__ - INFO - Initializing database...
2025-05-30 23:02:48,524 - database - INFO - Database tables and indices created successfully
2025-05-30 23:02:48,526 - __main__ - INFO - Starting modern login window...
2025-05-30 23:03:04,037 - login - INFO - Successful login for user: Arthur
2025-05-30 23:03:04,424 - login - INFO - Successful login for user: Arthur
2025-05-30 23:03:06,019 - __main__ - INFO - Initializing database...
2025-05-30 23:03:06,035 - database - INFO - Database tables and indices created successfully
2025-05-30 23:03:06,037 - __main__ - INFO - Starting modern login window...
2025-05-30 23:03:06,656 - database - INFO - Database tables and indices created successfully
2025-05-30 23:03:16,293 - database - INFO - Database tables and indices created successfully
2025-05-30 23:06:10,246 - __main__ - INFO - Initializing database...
2025-05-30 23:06:10,260 - database - INFO - Database tables and indices created successfully
2025-05-30 23:06:10,264 - __main__ - INFO - Starting modern login window...
2025-05-30 23:06:25,761 - login - INFO - Successful login for user: Arthur
2025-05-30 23:06:26,154 - login - INFO - Successful login for user: Arthur
2025-05-30 23:06:28,681 - database - INFO - Database tables and indices created successfully
2025-05-30 23:06:47,096 - database - INFO - Database tables and indices created successfully
2025-05-30 23:35:49,012 - __main__ - INFO - Initializing database...
2025-05-30 23:35:49,030 - database - INFO - Database tables and indices created successfully
2025-05-30 23:35:49,031 - __main__ - INFO - Starting modern login window...
2025-05-30 23:36:07,434 - login - INFO - Successful login for user: Arthur
2025-05-30 23:36:07,816 - login - INFO - Successful login for user: Arthur
2025-05-30 23:36:10,480 - database - INFO - Database tables and indices created successfully
2025-05-30 23:36:39,855 - database - INFO - Database tables and indices created successfully
2025-05-30 23:36:52,661 - login - INFO - Successful login for user: admin
2025-05-30 23:36:53,037 - login - INFO - Successful login for user: admin
2025-05-30 23:37:27,961 - database - INFO - Database tables and indices created successfully
2025-05-31 08:30:54,974 - __main__ - INFO - Initializing database...
2025-05-31 08:30:54,986 - database - INFO - Database tables and indices created successfully
2025-05-31 08:30:54,987 - __main__ - INFO - Starting modern login window...
2025-05-31 08:48:51,257 - database - INFO - Database tables and indices created successfully
2025-05-31 08:49:57,679 - database - INFO - Database tables and indices created successfully
2025-05-31 08:50:03,643 - database - INFO - Database tables and indices created successfully
2025-05-31 08:51:20,273 - __main__ - INFO - Successful login for user: Arthur
2025-05-31 08:51:20,484 - __main__ - INFO - Successful login for user: Arthur
2025-05-31 08:51:21,848 - database - INFO - Database tables and indices created successfully
2025-05-31 08:51:30,180 - database - INFO - Database tables and indices created successfully
2025-05-31 09:01:38,666 - database - INFO - Database tables and indices created successfully
2025-05-31 09:07:27,442 - __main__ - INFO - Initializing database...
2025-05-31 09:07:27,450 - database - INFO - Database tables and indices created successfully
2025-05-31 09:07:27,452 - __main__ - INFO - Starting modern login window...
2025-05-31 09:07:40,442 - login - INFO - Successful login for user: Arthur
2025-05-31 09:07:42,624 - database - INFO - Database tables and indices created successfully
2025-05-31 09:08:00,809 - database - INFO - Database tables and indices created successfully
2025-05-31 09:14:31,440 - __main__ - INFO - Initializing database...
2025-05-31 09:14:31,447 - database - INFO - Database tables and indices created successfully
2025-05-31 09:14:31,449 - __main__ - INFO - Starting modern login window...
2025-05-31 09:14:45,921 - login - INFO - Successful login for user: Arthur
2025-05-31 09:14:46,132 - login - INFO - Successful login for user: Arthur
2025-05-31 09:14:47,507 - database - INFO - Database tables and indices created successfully
2025-05-31 09:15:15,094 - database - INFO - Database tables and indices created successfully
2025-05-31 09:32:26,485 - __main__ - INFO - Initializing database...
2025-05-31 09:32:26,491 - database - INFO - Database tables and indices created successfully
2025-05-31 09:32:26,492 - __main__ - INFO - Starting modern login window...
2025-05-31 09:34:08,780 - clientes - INFO - Usuário cadastrado com sucesso: rafa
2025-05-31 09:34:19,512 - login - INFO - Successful login for user: rafa
2025-05-31 09:34:19,724 - login - INFO - Successful login for user: rafa
2025-05-31 09:34:21,112 - database - INFO - Database tables and indices created successfully
2025-05-31 09:35:01,256 - clientes - INFO - Cliente cadastrado: Arthur
2025-05-31 09:47:39,531 - __main__ - INFO - Initializing database...
2025-05-31 09:47:39,538 - database - INFO - Database tables and indices created successfully
2025-05-31 09:47:39,539 - __main__ - INFO - Starting modern login window...
2025-05-31 09:47:51,494 - login - INFO - Successful login for user: Arthur
2025-05-31 09:47:53,619 - database - INFO - Database tables and indices created successfully
2025-05-31 09:49:02,767 - database - INFO - Database tables and indices created successfully
2025-05-31 10:54:13,419 - __main__ - INFO - Initializing database...
2025-05-31 10:54:13,427 - database - INFO - Database tables and indices created successfully
2025-05-31 10:54:13,428 - __main__ - INFO - Starting modern login window...
2025-05-31 10:54:24,747 - login - INFO - Successful login for user: Arthur
2025-05-31 10:54:24,960 - login - INFO - Successful login for user: Arthur
2025-05-31 10:54:26,874 - database - INFO - Database tables and indices created successfully
2025-05-31 11:18:25,292 - __main__ - INFO - Initializing database...
2025-05-31 11:18:25,302 - database - INFO - Database tables and indices created successfully
2025-05-31 11:18:25,304 - __main__ - INFO - Starting modern login window...
2025-05-31 11:19:08,888 - login - INFO - Successful login for user: Arthur
2025-05-31 11:19:11,091 - database - INFO - Database tables and indices created successfully
2025-05-31 12:23:05,345 - __main__ - INFO - Initializing database...
2025-05-31 12:23:05,354 - database - INFO - Database tables and indices created successfully
2025-05-31 12:23:05,354 - __main__ - INFO - Starting modern login window...
2025-05-31 12:23:16,152 - login - INFO - Successful login for user: Arthur
2025-05-31 12:23:16,365 - login - INFO - Successful login for user: Arthur
2025-05-31 12:23:18,369 - database - INFO - Database tables and indices created successfully
2025-05-31 12:29:39,599 - __main__ - INFO - Initializing database...
2025-05-31 12:29:39,606 - database - INFO - Database tables and indices created successfully
2025-05-31 12:29:39,606 - __main__ - INFO - Starting modern login window...
2025-05-31 12:29:45,290 - __main__ - INFO - Initializing database...
2025-05-31 12:29:45,299 - database - INFO - Database tables and indices created successfully
2025-05-31 12:29:45,300 - __main__ - INFO - Starting modern login window...
2025-05-31 12:29:55,343 - login - INFO - Successful login for user: Arthur
2025-05-31 12:29:57,492 - database - INFO - Database tables and indices created successfully
2025-05-31 13:10:11,243 - __main__ - INFO - Initializing database...
2025-05-31 13:10:11,255 - database - INFO - Database tables and indices created successfully
2025-05-31 13:10:11,257 - __main__ - INFO - Starting modern login window...
2025-05-31 13:10:27,259 - login - INFO - Successful login for user: Arthur
2025-05-31 13:10:28,816 - database - INFO - Database tables and indices created successfully
2025-05-31 13:16:52,760 - __main__ - INFO - Initializing database...
2025-05-31 13:16:52,769 - database - INFO - Database tables and indices created successfully
2025-05-31 13:16:52,770 - __main__ - INFO - Starting modern login window...
2025-05-31 13:17:35,622 - login - INFO - Successful login for user: Arthur
2025-05-31 13:17:37,794 - database - INFO - Database tables and indices created successfully
2025-05-31 13:18:43,431 - produtos - INFO - Produto cadastrado: Vodka
2025-05-31 13:19:22,109 - produtos - INFO - Produto cadastrado: Whey
2025-05-31 13:20:45,796 - clientes - INFO - Cliente cadastrado: Rafaela
2025-05-31 13:20:55,367 - database - INFO - Database tables and indices created successfully
2025-05-31 18:30:24,876 - __main__ - INFO - Initializing database...
2025-05-31 18:30:24,885 - database - INFO - Database tables and indices created successfully
2025-05-31 18:30:24,886 - __main__ - INFO - Starting modern login window...
2025-05-31 18:30:49,647 - __main__ - INFO - Initializing database...
2025-05-31 18:30:49,655 - database - INFO - Database tables and indices created successfully
2025-05-31 18:30:49,656 - __main__ - INFO - Starting modern login window...
2025-05-31 18:31:00,961 - login - INFO - Successful login for user: Arthur
2025-05-31 18:31:03,204 - database - INFO - Database tables and indices created successfully
2025-05-31 18:33:34,472 - produtos - INFO - Produto cadastrado: Whisky
2025-06-02 19:42:31,634 - __main__ - INFO - Initializing database...
2025-06-02 19:42:31,658 - database - INFO - Database tables and indices created successfully
2025-06-02 19:42:31,660 - __main__ - INFO - Starting modern login window...
2025-06-02 19:42:44,005 - login - INFO - Successful login for user: Arthur
2025-06-02 19:42:46,605 - database - INFO - Database tables and indices created successfully
2025-06-02 19:43:51,445 - produtos - INFO - Produto cadastrado: Creatina
2025-06-09 21:10:04,659 - __main__ - INFO - Initializing database...
2025-06-09 21:10:04,680 - database - INFO - Database tables and indices created successfully
2025-06-09 21:10:04,680 - __main__ - INFO - Starting modern login window...
2025-06-09 21:10:17,298 - login - WARNING - Failed login attempt for user: arthur
2025-06-09 21:10:26,392 - login - WARNING - Failed login attempt for user: arthur
2025-06-09 21:10:37,489 - login - WARNING - Failed login attempt for user: arthur
2025-06-09 21:11:04,296 - __main__ - INFO - Initializing database...
2025-06-09 21:11:04,320 - database - INFO - Database tables and indices created successfully
2025-06-09 21:11:04,321 - __main__ - INFO - Starting modern login window...
2025-06-09 21:11:16,009 - login - WARNING - Failed login attempt for user: Arthur
2025-06-09 21:11:27,902 - login - INFO - Successful login for user: Arthur
2025-06-09 21:11:33,193 - database - INFO - Database tables and indices created successfully
2025-06-09 21:16:29,980 - __main__ - INFO - Initializing database...
2025-06-09 21:16:29,989 - database - INFO - Database tables and indices created successfully
2025-06-09 21:16:29,991 - __main__ - INFO - Starting modern login window...
2025-06-09 21:16:46,617 - login - INFO - Successful login for user: Arthur
2025-06-09 21:16:49,196 - database - INFO - Database tables and indices created successfully
2025-06-09 21:20:06,710 - database - INFO - Database tables and indices created successfully
2025-06-09 21:20:17,350 - __main__ - INFO - Initializing database...
2025-06-09 21:20:17,361 - database - INFO - Database tables and indices created successfully
2025-06-09 21:20:17,363 - __main__ - INFO - Starting modern login window...
2025-06-09 21:20:30,316 - login - INFO - Successful login for user: Arthur
2025-06-09 21:20:32,852 - database - INFO - Database tables and indices created successfully
2025-06-09 21:23:49,706 - __main__ - INFO - Initializing database...
2025-06-09 21:23:49,719 - database - INFO - Database tables and indices created successfully
2025-06-09 21:23:49,721 - __main__ - INFO - Starting modern login window...
2025-06-09 21:24:07,187 - login - INFO - Successful login for user: Arthur
2025-06-09 21:24:09,883 - database - INFO - Database tables and indices created successfully
2025-06-09 21:26:31,787 - __main__ - INFO - Initializing database...
2025-06-09 21:26:31,801 - database - INFO - Database tables and indices created successfully
2025-06-09 21:26:31,803 - __main__ - INFO - Starting modern login window...
2025-06-09 21:26:45,100 - login - INFO - Successful login for user: Arthur
2025-06-09 21:26:47,733 - database - INFO - Database tables and indices created successfully
2025-06-09 21:29:55,351 - database - INFO - Database tables and indices created successfully
2025-06-09 21:29:56,048 - database - INFO - Database tables and indices created successfully
2025-06-09 21:30:08,264 - clientes - INFO - Login bem-sucedido: Arthur
2025-06-09 21:33:43,415 - __main__ - INFO - Initializing database...
2025-06-09 21:33:43,426 - database - INFO - Database tables and indices created successfully
2025-06-09 21:33:43,429 - __main__ - INFO - Starting modern login window...
2025-06-09 21:33:55,204 - login - INFO - Successful login for user: Arthur
2025-06-09 21:33:57,826 - database - INFO - Database tables and indices created successfully
2025-06-09 21:33:59,084 - matplotlib.category - INFO - Using categorical units to plot a list of strings that are all parsable as floats or dates. If these strings should be plotted as numbers, cast to the appropriate data type before plotting.
2025-06-09 21:33:59,085 - matplotlib.category - INFO - Using categorical units to plot a list of strings that are all parsable as floats or dates. If these strings should be plotted as numbers, cast to the appropriate data type before plotting.
2025-06-09 21:34:09,166 - matplotlib.category - INFO - Using categorical units to plot a list of strings that are all parsable as floats or dates. If these strings should be plotted as numbers, cast to the appropriate data type before plotting.
2025-06-09 21:34:09,167 - matplotlib.category - INFO - Using categorical units to plot a list of strings that are all parsable as floats or dates. If these strings should be plotted as numbers, cast to the appropriate data type before plotting.
2025-06-09 21:34:13,449 - matplotlib.category - INFO - Using categorical units to plot a list of strings that are all parsable as floats or dates. If these strings should be plotted as numbers, cast to the appropriate data type before plotting.
2025-06-09 21:34:13,451 - matplotlib.category - INFO - Using categorical units to plot a list of strings that are all parsable as floats or dates. If these strings should be plotted as numbers, cast to the appropriate data type before plotting.
2025-06-09 21:37:10,339 - __main__ - INFO - Initializing database...
2025-06-09 21:37:10,351 - database - INFO - Database tables and indices created successfully
2025-06-09 21:37:10,353 - __main__ - INFO - Starting modern login window...
2025-06-09 21:37:21,443 - login - INFO - Successful login for user: Arthur
2025-06-09 21:37:24,059 - database - INFO - Database tables and indices created successfully
2025-06-09 21:37:25,311 - matplotlib.category - INFO - Using categorical units to plot a list of strings that are all parsable as floats or dates. If these strings should be plotted as numbers, cast to the appropriate data type before plotting.
2025-06-09 21:37:25,312 - matplotlib.category - INFO - Using categorical units to plot a list of strings that are all parsable as floats or dates. If these strings should be plotted as numbers, cast to the appropriate data type before plotting.
2025-06-09 21:37:30,249 - matplotlib.category - INFO - Using categorical units to plot a list of strings that are all parsable as floats or dates. If these strings should be plotted as numbers, cast to the appropriate data type before plotting.
2025-06-09 21:37:30,251 - matplotlib.category - INFO - Using categorical units to plot a list of strings that are all parsable as floats or dates. If these strings should be plotted as numbers, cast to the appropriate data type before plotting.
2025-06-09 21:37:32,602 - matplotlib.category - INFO - Using categorical units to plot a list of strings that are all parsable as floats or dates. If these strings should be plotted as numbers, cast to the appropriate data type before plotting.
2025-06-09 21:37:32,602 - matplotlib.category - INFO - Using categorical units to plot a list of strings that are all parsable as floats or dates. If these strings should be plotted as numbers, cast to the appropriate data type before plotting.
2025-06-09 21:40:35,484 - __main__ - INFO - Initializing database...
2025-06-09 21:40:35,499 - database - INFO - Database tables and indices created successfully
2025-06-09 21:40:35,500 - __main__ - INFO - Starting modern login window...
2025-06-09 21:40:44,610 - login - INFO - Successful login for user: Arthur
2025-06-09 21:40:47,290 - database - INFO - Database tables and indices created successfully
2025-06-09 21:40:48,546 - matplotlib.category - INFO - Using categorical units to plot a list of strings that are all parsable as floats or dates. If these strings should be plotted as numbers, cast to the appropriate data type before plotting.
2025-06-09 21:40:48,548 - matplotlib.category - INFO - Using categorical units to plot a list of strings that are all parsable as floats or dates. If these strings should be plotted as numbers, cast to the appropriate data type before plotting.
2025-06-09 21:43:45,068 - __main__ - INFO - Initializing database...
2025-06-09 21:43:45,073 - database - INFO - Database tables and indices created successfully
2025-06-09 21:43:45,073 - __main__ - INFO - Starting modern login window...
2025-06-09 21:43:56,768 - login - INFO - Successful login for user: Arthur
2025-06-09 21:43:59,320 - database - INFO - Database tables and indices created successfully
2025-06-09 21:44:00,569 - matplotlib.category - INFO - Using categorical units to plot a list of strings that are all parsable as floats or dates. If these strings should be plotted as numbers, cast to the appropriate data type before plotting.
2025-06-09 21:44:00,572 - matplotlib.category - INFO - Using categorical units to plot a list of strings that are all parsable as floats or dates. If these strings should be plotted as numbers, cast to the appropriate data type before plotting.
2025-06-09 21:47:19,940 - __main__ - INFO - Initializing database...
2025-06-09 21:47:19,952 - database - INFO - Database tables and indices created successfully
2025-06-09 21:47:19,954 - __main__ - INFO - Starting modern login window...
2025-06-09 21:47:29,903 - login - INFO - Successful login for user: Arthur
2025-06-09 21:47:32,518 - database - INFO - Database tables and indices created successfully
2025-06-09 21:47:33,757 - matplotlib.category - INFO - Using categorical units to plot a list of strings that are all parsable as floats or dates. If these strings should be plotted as numbers, cast to the appropriate data type before plotting.
2025-06-09 21:47:33,759 - matplotlib.category - INFO - Using categorical units to plot a list of strings that are all parsable as floats or dates. If these strings should be plotted as numbers, cast to the appropriate data type before plotting.
2025-06-09 21:48:53,209 - produtos - INFO - Produto cadastrado: BCAA
2025-06-09 21:49:00,155 - matplotlib.category - INFO - Using categorical units to plot a list of strings that are all parsable as floats or dates. If these strings should be plotted as numbers, cast to the appropriate data type before plotting.
2025-06-09 21:49:00,157 - matplotlib.category - INFO - Using categorical units to plot a list of strings that are all parsable as floats or dates. If these strings should be plotted as numbers, cast to the appropriate data type before plotting.
2025-06-09 21:49:38,947 - matplotlib.category - INFO - Using categorical units to plot a list of strings that are all parsable as floats or dates. If these strings should be plotted as numbers, cast to the appropriate data type before plotting.
2025-06-09 21:49:38,951 - matplotlib.category - INFO - Using categorical units to plot a list of strings that are all parsable as floats or dates. If these strings should be plotted as numbers, cast to the appropriate data type before plotting.
